1000 0.000016 10.434623 1000 1
1100 0.000018 10.814762 1100 1
1200 0.000020 11.468439 1200 1
1300 0.000022 11.878684 1300 1
1400 0.000024 12.643935 1400 1
1500 0.000026 13.035805 1500 1
1600 0.000028 13.284517 1600 1
1700 0.000030 13.750208 1700 1
1800 0.000032 14.271490 1800 1
1900 0.000034 14.889968 1900 1
2000 0.000036 15.777542 2000 1
2100 0.000039 16.943541 2100 1
2200 0.000041 16.515818 2200 1
2300 0.000044 17.775654 2300 1
2400 0.000045 17.532217 2400 1
2500 0.000048 18.544009 2500 1
2600 0.000051 19.019072 2600 1
2700 0.000053 19.698699 2700 1
2800 0.000058 21.574018 2800 1
2900 0.000057 19.839713 2899 1
3000 0.000061 20.779161 3000 1
3100 0.000063 21.328003 3100 1
3200 0.000066 21.951407 3200 1
3300 0.000070 23.343511 3300 1
3400 0.000072 23.331903 3400 1
3500 0.000075 24.097714 3500 1
3600 0.000078 24.177337 3600 1
3700 0.000079 23.651600 3700 1
3800 0.000083 25.261568 3800 1
3900 0.000086 25.782964 3900 1
4000 0.000090 26.854865 4000 1
4100 0.000095 28.446071 4100 1
4200 0.000096 27.523093 4200 1
4300 0.000097 26.508359 4300 1
4400 0.000102 28.079963 4400 1
4500 0.000103 27.781243 4500 1
4600 0.000109 29.673534 4600 1
4700 0.000113 30.164833 4700 1
4800 0.000116 30.735121 4800 1
4900 0.000119 31.100489 4900 1
5000 0.000125 32.647664 5000 1
5100 0.000127 32.642285 5100 1
5200 0.000131 33.163898 5200 1
5300 0.000137 34.736614 5300 1
5400 0.000139 34.515810 5400 1
5500 0.000141 34.574223 5500 1
5600 0.000141 33.003378 5600 1
5700 0.000152 36.748291 5700 1
5800 0.000154 36.561864 5800 1
5900 0.000159 -35.206403 5900 1
6000 0.000163 -33.589006 6000 1
6100 0.000165 -32.703133 6100 1
6200 0.000165 -32.337581 6200 1
6300 0.000166 -32.031510 6300 1
6400 0.000178 -27.323861 6400 1
6500 0.000184 -25.060176 6500 1
6600 0.000181 -26.079904 6600 1
6700 0.000192 -22.307418 6700 1
6800 0.000188 -23.818796 6800 1
6900 0.000195 -21.456840 6900 1
7000 0.000199 -19.859084 7000 1
7100 0.000206 -17.740174 7100 1
7200 0.000212 -15.817231 7200 1
7300 0.000211 -16.269377 7299 1
7400 0.000220 -13.371116 7400 1
7500 0.000235 -8.410945 7500 1
7600 0.000231 -10.245940 7600 1
7700 0.000225 -12.403144 7700 1
7800 0.000235 -9.225759 7800 1
7900 0.000240 -8.160820 7900 1
8000 0.000242 -7.634364 8000 1
8100 0.000248 -6.312447 8099 1
8200 0.000260 -2.676281 8200 1
8300 0.000263 -2.133963 8300 1
8400 0.000266 -1.584775 8400 1
8500 0.000260 -3.974248 8500 1
8600 0.000281 2.019242 8600 1
8700 0.000280 1.459311 8700 1
8800 0.000287 3.148515 8800 1
8900 0.000295 4.843219 8900 1
9000 0.000286 2.221821 9000 1
9100 0.000308 7.614511 9100 1
9200 0.000311 8.004233 9200 1
9300 0.000316 9.035929 9300 1
9400 0.000322 10.216869 9400 1
9500 0.000335 13.321543 9499 1
9600 0.000336 13.026175 9600 1
9700 0.000336 12.766358 9700 1
9800 0.000344 14.259751 9800 1
9900 0.000345 14.063842 9899 1
10000 0.000358 16.737490 10000 1