1000 0.070536 500.998000 1000 1
1100 0.018399 551.004545 1100 2
1200 0.018796 601.010833 1200 2
1300 0.023607 651.000000 1300 1
1400 0.024122 700.993571 1400 1
1500 0.034303 750.996000 1500 1
1600 0.035310 801.003125 1600 2
1700 0.043148 851.001176 1700 1
1800 0.040078 901.004444 1800 1
1900 0.047233 950.996842 1900 1
2000 0.048608 1000.996500 2000 2
2100 0.052217 1051.008095 2100 1
2200 0.058499 1100.994545 2200 2
2300 0.063955 1150.996522 2300 1
2400 0.069116 1201.004167 2400 2
2500 0.075103 1251.001600 2500 1
2600 0.084036 1300.996923 2600 1
2700 0.092816 1350.997037 2700 1
2800 0.100889 1401.006429 2800 1
2900 0.101450 1451.007586 2900 1
3000 0.108161 1501.002667 3000 1
3100 0.115459 1551.007742 3100 1
3200 0.121912 1600.992812 3200 2
3300 0.128440 1650.991515 3300 1
3400 0.142524 1701.007353 3400 1
3500 0.187694 1751.000000 3500 2
3600 0.157760 1800.993333 3600 2
3700 0.160914 1850.998649 3700 1
3800 0.178110 1901.007105 3800 1
3900 0.182606 1951.001538 3900 2
4000 0.195345 2000.998250 4000 2
4100 0.210781 2051.003415 4100 1
4200 0.220484 2101.004762 4200 1
4300 0.224754 2150.999302 4300 1
4400 0.251341 2200.998182 4400 1
4500 0.254370 2250.999556 4500 1
4600 0.251086 2300.997174 4600 1
4700 0.266052 2350.994468 4700 1
4800 0.274592 2400.991042 4800 1
4900 0.303683 2450.991020 4900 1
5000 0.296945 2500.994000 5000 2
5100 0.307070 2551.001961 5100 1
5200 0.336079 2600.999038 5200 2
5300 0.335235 2650.997925 5300 1
5400 0.348413 2700.996667 5400 1
5500 0.371489 2751.000727 5500 1
5600 0.374554 2800.994643 5600 1
5700 0.426349 2850.999825 5700 1
5800 0.395023 2900.999310 5800 1
5900 0.413379 2951.001525 5900 1
6000 0.442982 3001.004500 6000 1
6100 0.444897 3051.004590 6100 1
6200 0.466895 3100.994032 6200 1
6300 0.472668 3151.006825 6300 1
6400 0.499939 3200.995313 6400 1
6500 0.501909 3251.000615 6500 2
6600 0.518813 3301.000000 6600 1
6700 0.528806 3350.999851 6700 2
6800 0.558537 3401.001618 6800 1
6900 0.565877 3451.000435 6900 1
7000 0.587796 3500.996286 7000 1
7100 0.605348 3551.001127 7100 1
7200 0.606328 3601.004583 7200 1
7300 0.642781 3651.002329 7300 2
7400 0.644145 3700.999459 7400 1
7500 0.665227 3751.001867 7500 2
7600 0.702390 3801.002895 7600 2
7700 0.711189 3850.997143 7700 2
7800 0.711000 3901.003205 7800 1
7900 0.743629 3950.998228 7900 1
8000 0.746961 4000.995125 8000 2
8100 0.797398 4051.001358 8100 2
8200 0.804984 4101.005854 8200 1
8300 0.817597 4151.005422 8300 1
8400 0.827526 4200.999881 8400 1
8500 0.855010 4251.004000 8500 1
8600 0.890184 4301.006047 8600 1
8700 0.900409 4350.999885 8700 1
8800 0.919225 4400.998636 8800 1
8900 0.929945 4450.994719 8900 1
9000 0.961237 4501.000222 9000 1
9100 0.969887 4551.000549 9100 2
9200 1.000153 4601.001739 9200 1
9300 1.022415 4650.993656 9300 1
9400 1.058573 4700.998191 9400 1
9500 1.067413 4751.000211 9500 1
9600 1.086281 4800.999271 9600 2
9700 1.112857 4851.001649 9700 2
9800 1.137526 4901.000000 9800 1
9900 1.166377 4950.999394 9900 1
10000 1.195994 5001.001400 10000 1
