1000 0.024989 500.500000 1000 1
1100 0.024418 550.500000 1100 1
1200 0.029117 600.500000 1200 1
1300 0.036209 650.500000 1300 1
1400 0.039666 700.500000 1400 1
1500 0.126542 750.500000 1500 1
1600 0.054641 800.500000 1600 1
1700 0.058607 850.500000 1700 1
1800 0.066233 900.500000 1800 1
1900 0.124093 950.500000 1900 1
2000 0.089349 1000.500000 2000 1
2100 0.091785 1050.500000 2100 1
2200 0.099922 1100.500000 2200 1
2300 0.115774 1150.500000 2300 1
2400 0.116607 1200.500000 2400 1
2500 0.128844 1250.500000 2500 1
2600 0.191510 1300.500000 2600 1
2700 0.147209 1350.500000 2700 1
2800 0.216536 1400.500000 2800 1
2900 0.239430 1450.500000 2900 1
3000 0.286762 1500.500000 3000 1
3100 0.227447 1550.500000 3100 1
3200 0.204901 1600.500000 3200 1
3300 0.286124 1650.500000 3300 1
3400 0.316519 1700.500000 3400 1
3500 0.253924 1750.500000 3500 1
3600 0.354030 1800.500000 3600 1
3700 0.274387 1850.500000 3700 1
3800 0.327261 1900.500000 3800 1
3900 0.371726 1950.500000 3900 1
4000 0.365791 2000.500000 4000 1
4100 0.337560 2050.500000 4100 1
4200 0.356904 2100.500000 4200 1
4300 0.404066 2150.500000 4300 1
4400 0.434001 2200.500000 4400 1
4500 0.430808 2250.500000 4500 1
4600 0.449719 2300.500000 4600 1
4700 0.445685 2350.500000 4700 1
4800 0.489816 2400.500000 4800 1
4900 0.501777 2450.500000 4900 1
5000 0.698284 2500.500000 5000 1
5100 0.733809 2550.500000 5100 1
5200 0.579220 2600.500000 5200 1
5300 0.626193 2650.500000 5300 1
5400 0.627349 2700.500000 5400 1
5500 0.652417 2750.500000 5500 1
5600 0.635957 2800.500000 5600 1
5700 0.665015 2850.500000 5700 1
5800 0.736067 2900.500000 5800 1
5900 0.832496 2950.500000 5900 1
6000 0.762078 3000.500000 6000 1
6100 0.838175 3050.500000 6100 1
6200 0.833446 3100.500000 6200 1
6300 0.907291 3150.500000 6300 1
6400 0.853507 3200.500000 6400 1
6500 0.881691 3250.500000 6500 1
6600 0.957900 3300.500000 6600 1
6700 1.061660 3350.500000 6700 1
6800 1.031275 3400.500000 6800 1
6900 1.094737 3450.500000 6900 1
7000 1.263831 3500.500000 7000 1
7100 1.211753 3550.500000 7100 1
7200 1.228378 3600.500000 7200 1
7300 1.247384 3650.500000 7300 1
7400 1.198808 3700.500000 7400 1
7500 1.273760 3750.500000 7500 1
7600 1.225797 3800.500000 7600 1
7700 1.229395 3850.500000 7700 1
7800 1.279464 3900.500000 7800 1
7900 1.294124 3950.500000 7900 1
8000 1.295389 4000.500000 8000 1
8100 1.626017 4050.500000 8100 1
8200 1.606794 4100.500000 8200 1
8300 1.502311 4150.500000 8300 1
8400 1.616580 4200.500000 8400 1
8500 1.599808 4250.500000 8500 1
8600 1.578900 4300.500000 8600 1
8700 1.539745 4350.500000 8700 1
8800 1.553073 4400.500000 8800 1
8900 1.628150 4450.500000 8900 1
9000 1.745135 4500.500000 9000 1
9100 1.936713 4550.500000 9100 1
9200 1.764800 4600.500000 9200 1
9300 1.712750 4650.500000 9300 1
9400 1.835672 4700.500000 9400 1
9500 1.930896 4750.500000 9500 1
9600 2.168268 4800.500000 9600 1
9700 2.283467 4850.500000 9700 1
9800 2.239628 4900.500000 9800 1
9900 2.167781 4950.500000 9900 1
10000 2.326234 5000.500000 10000 1
